build/outputs/logs/manifest-merger-release-report.txt
-- Merging decision tree log ---
manifest
ADDED from ASTDemo\demo\AndroidManifest.xml:2:1-88:12
	package
		ADDED from ASTDemo\demo\AndroidManifest.xml:3:5-35
		INJECTED from ASTDemo\demo\AndroidManifest.xml
		INJECTED from ASTDemo\demo\AndroidManifest.xml
	android:versionName
		ADDED from ASTDemo\demo\AndroidManifest.xml:5:5-30
		INJECTED from ASTDemo\demo\AndroidManifest.xml
		INJECTED from ASTDemo\demo\AndroidManifest.xml
	android:versionCode
		ADDED from ASTDemo\demo\AndroidManifest.xml:4:5-28
		INJECTED from ASTDemo\demo\AndroidManifest.xml
		INJECTED from ASTDemo\demo\AndroidManifest.xml
	xmlns:android
		ADDED from ASTDemo\demo\AndroidManifest.xml:2:11-69
uses-sdk
ADDED from ASTDemo\demo\AndroidManifest.xml:7:5-44
	android:targetSdkVersion
		INJECTED from ASTDemo\demo\AndroidManifest.xml
		INJECTED from ASTDemo\demo\AndroidManifest.xml
	android:minSdkVersion
		ADDED from ASTDemo\demo\AndroidManifest.xml:7:15-41
		INJECTED from ASTDemo\demo\AndroidManifest.xml
		INJECTED from ASTDemo\demo\AndroidManifest.xml
uses-permission#android.permission.BLUETOOTH
ADDED from ASTDemo\demo\AndroidManifest.xml:9:5-68
	android:name
		ADDED from ASTDemo\demo\AndroidManifest.xml:9:22-65
uses-permission#android.permission.BLUETOOTH_ADMIN
ADDED from ASTDemo\demo\AndroidManifest.xml:10:5-74
	android:name
		ADDED from ASTDemo\demo\AndroidManifest.xml:10:22-71
uses-permission#android.permission.INTERNET
ADDED from ASTDemo\demo\AndroidManifest.xml:11:5-67
	android:name
		ADDED from ASTDemo\demo\AndroidManifest.xml:11:22-64
uses-permission#android.permission.MOUNT_UNMOUNT_FILESYSTEMS
ADDED from ASTDemo\demo\AndroidManifest.xml:12:5-84
	android:name
		ADDED from ASTDemo\demo\AndroidManifest.xml:12:22-81
uses-permission#android.permission.ACCESS_NETWORK_STATE
ADDED from ASTDemo\demo\AndroidManifest.xml:13:5-79
	android:name
		ADDED from ASTDemo\demo\AndroidManifest.xml:13:22-76
uses-permission#android.permission.ACCESS_WIFI_STATE
ADDED from ASTDemo\demo\AndroidManifest.xml:14:5-76
	android:name
		ADDED from ASTDemo\demo\AndroidManifest.xml:14:22-73
uses-permission#android.permission.CHANGE_WIFI_STATE
ADDED from ASTDemo\demo\AndroidManifest.xml:15:5-76
	android:name
		ADDED from ASTDemo\demo\AndroidManifest.xml:15:22-73
uses-permission#android.permission.READ_PHONE_STATE
ADDED from ASTDemo\demo\AndroidManifest.xml:16:5-75
	android:name
		ADDED from ASTDemo\demo\AndroidManifest.xml:16:22-72
uses-permission#android.permission.WRITE_EXTERNAL_STORAGE
ADDED from ASTDemo\demo\AndroidManifest.xml:17:5-81
	android:name
		ADDED from ASTDemo\demo\AndroidManifest.xml:17:22-78
uses-permission#android.permission.CAMERA
ADDED from ASTDemo\demo\AndroidManifest.xml:18:5-65
	android:name
		ADDED from ASTDemo\demo\AndroidManifest.xml:18:22-62
uses-permission#android.permission.READ_LOGS
ADDED from ASTDemo\demo\AndroidManifest.xml:19:5-68
	android:name
		ADDED from ASTDemo\demo\AndroidManifest.xml:19:22-65
uses-permission#android.permission.ACCESS_FINE_LOCATION
ADDED from ASTDemo\demo\AndroidManifest.xml:20:5-79
	android:name
		ADDED from ASTDemo\demo\AndroidManifest.xml:20:22-76
uses-permission#android.permission.ACCESS_COARSE_LOCATION
ADDED from ASTDemo\demo\AndroidManifest.xml:21:5-81
	android:name
		ADDED from ASTDemo\demo\AndroidManifest.xml:21:22-78
uses-permission#android.permission.SET_DEBUG_APP
ADDED from ASTDemo\demo\AndroidManifest.xml:22:5-72
	android:name
		ADDED from ASTDemo\demo\AndroidManifest.xml:22:22-69
uses-permission#android.permission.SYSTEM_ALERT_WINDOW
ADDED from ASTDemo\demo\AndroidManifest.xml:23:5-78
	android:name
		ADDED from ASTDemo\demo\AndroidManifest.xml:23:22-75
uses-permission#android.permission.GET_ACCOUNTS
ADDED from ASTDemo\demo\AndroidManifest.xml:24:5-71
	android:name
		ADDED from ASTDemo\demo\AndroidManifest.xml:24:22-68
uses-permission#android.permission.USE_CREDENTIALS
ADDED from ASTDemo\demo\AndroidManifest.xml:25:5-74
	android:name
		ADDED from ASTDemo\demo\AndroidManifest.xml:25:22-71
uses-permission#android.permission.MANAGE_ACCOUNTS
ADDED from ASTDemo\demo\AndroidManifest.xml:26:5-74
	android:name
		ADDED from ASTDemo\demo\AndroidManifest.xml:26:22-71
uses-permission#android.permission.READ_EXTERNAL_STORAGE
ADDED from ASTDemo\demo\AndroidManifest.xml:27:5-80
	android:name
		ADDED from ASTDemo\demo\AndroidManifest.xml:27:22-77
application
ADDED from ASTDemo\demo\AndroidManifest.xml:29:5-86:19
	android:label
		ADDED from ASTDemo\demo\AndroidManifest.xml:32:9-41
	android:allowBackup
		ADDED from ASTDemo\demo\AndroidManifest.xml:30:9-35
	android:icon
		ADDED from ASTDemo\demo\AndroidManifest.xml:31:9-45
	android:theme
		ADDED from ASTDemo\demo\AndroidManifest.xml:33:9-56
activity#com.example.mjbimsdk.LuncherActivity
ADDED from ASTDemo\demo\AndroidManifest.xml:34:9-43:20
	android:screenOrientation
		ADDED from ASTDemo\demo\AndroidManifest.xml:37:13-49
	android:label
		ADDED from ASTDemo\demo\AndroidManifest.xml:36:13-45
	android:name
		ADDED from ASTDemo\demo\AndroidManifest.xml:35:13-44
intent-filter#android.intent.action.MAIN+android.intent.category.LAUNCHER
ADDED from ASTDemo\demo\AndroidManifest.xml:38:13-42:29
action#android.intent.action.MAIN
ADDED from ASTDemo\demo\AndroidManifest.xml:39:17-69
	android:name
		ADDED from ASTDemo\demo\AndroidManifest.xml:39:25-66
category#android.intent.category.LAUNCHER
ADDED from ASTDemo\demo\AndroidManifest.xml:41:17-77
	android:name
		ADDED from ASTDemo\demo\AndroidManifest.xml:41:27-74
activity#com.example.mjbimsdk.SurveyActivity
ADDED from ASTDemo\demo\AndroidManifest.xml:44:9-47:52
	android:screenOrientation
		ADDED from ASTDemo\demo\AndroidManifest.xml:47:13-49
	android:windowSoftInputMode
		ADDED from ASTDemo\demo\AndroidManifest.xml:46:13-65
	android:name
		ADDED from ASTDemo\demo\AndroidManifest.xml:45:13-43
activity#com.example.mjbimsdk.MainActivity
ADDED from ASTDemo\demo\AndroidManifest.xml:48:9-50:52
	android:screenOrientation
		ADDED from ASTDemo\demo\AndroidManifest.xml:50:13-49
	android:name
		ADDED from ASTDemo\demo\AndroidManifest.xml:49:13-41
activity#com.example.mjbimsdk.PackageDetailActivity
ADDED from ASTDemo\demo\AndroidManifest.xml:51:9-53:52
	android:screenOrientation
		ADDED from ASTDemo\demo\AndroidManifest.xml:53:13-49
	android:name
		ADDED from ASTDemo\demo\AndroidManifest.xml:52:13-50
activity#com.jiamm.imagenote.JMMImgNoteActivity
ADDED from ASTDemo\demo\AndroidManifest.xml:54:9-56:52
	android:screenOrientation
		ADDED from ASTDemo\demo\AndroidManifest.xml:56:13-49
	android:name
		ADDED from ASTDemo\demo\AndroidManifest.xml:55:13-66
service#com.jiamm.bluetooth.ACSUtilityService
ADDED from ASTDemo\demo\AndroidManifest.xml:58:9-60:46
	android:enabled
		ADDED from ASTDemo\demo\AndroidManifest.xml:60:13-35
	android:name
		ADDED from ASTDemo\demo\AndroidManifest.xml:59:13-65
provider#cn.jiamm.lib.JMMFileProvider
ADDED from ASTDemo\demo\AndroidManifest.xml:63:9-71:20
	android:authorities
		ADDED from ASTDemo\demo\AndroidManifest.xml:65:13-68
	android:grantUriPermissions
		ADDED from ASTDemo\demo\AndroidManifest.xml:67:13-47
	android:exported
		ADDED from ASTDemo\demo\AndroidManifest.xml:66:13-37
	android:name
		ADDED from ASTDemo\demo\AndroidManifest.xml:64:13-56
meta-data#android.support.FILE_PROVIDER_PATHS
ADDED from ASTDemo\demo\AndroidManifest.xml:68:13-70:54
	android:resource
		ADDED from ASTDemo\demo\AndroidManifest.xml:70:17-51
	android:name
		ADDED from ASTDemo\demo\AndroidManifest.xml:69:17-67
meta-data#BUGLY_APPID
ADDED from ASTDemo\demo\AndroidManifest.xml:73:9-75:42
	android:value
		ADDED from ASTDemo\demo\AndroidManifest.xml:75:13-39
	android:name
		ADDED from ASTDemo\demo\AndroidManifest.xml:74:13-39
meta-data#BUGLY_APP_VERSION
ADDED from ASTDemo\demo\AndroidManifest.xml:76:9-78:39
	android:value
		ADDED from ASTDemo\demo\AndroidManifest.xml:78:13-36
	android:name
		ADDED from ASTDemo\demo\AndroidManifest.xml:77:13-45
meta-data#BUGLY_APP_CHANNEL
ADDED from ASTDemo\demo\AndroidManifest.xml:79:9-81:37
	android:value
		ADDED from ASTDemo\demo\AndroidManifest.xml:81:13-34
	android:name
		ADDED from ASTDemo\demo\AndroidManifest.xml:80:13-45
meta-data#BUGLY_ENABLE_DEBUG
ADDED from ASTDemo\demo\AndroidManifest.xml:82:9-84:36
	android:value
		ADDED from ASTDemo\demo\AndroidManifest.xml:84:13-33
	android:name
		ADDED from ASTDemo\demo\AndroidManifest.xml:83:13-46